<?xml version="1.0" encoding="UTF-8"?>
<!-- Generated by org.testng.reporters.JUnitReportReporter -->
<testsuite hostname="primas-Air" failures="0" tests="2" name="HomePageTest" time="41.267" errors="0" timestamp="2022-06-20T19:53:45 EDT" skipped="0">
  <testcase classname="HomePageTest" name="verifyHomePageTitleTest" time="16.015"/>
  <system-out/>
  <testcase classname="HomePageTest" name="freeTrailTest" time="25.252"/>
  <system-out/>
</testsuite> <!-- HomePageTest -->
