<?xml version="1.0" encoding="UTF-8"?>
<!-- Generated by org.testng.reporters.JUnitReportReporter -->
<testsuite hostname="primas-Air" failures="0" tests="2" name="com.qa.testcases.HomePageTest" time="40.272" errors="0" timestamp="2022-06-20T20:40:56 EDT" skipped="0">
  <testcase classname="com.qa.testcases.HomePageTest" name="verifyHomePageTitleTest" time="18.486"/>
  <system-out/>
  <testcase classname="com.qa.testcases.HomePageTest" name="freeTrailTest" time="21.786"/>
  <system-out/>
</testsuite> <!-- com.qa.testcases.HomePageTest -->
